 *** BEGIN MESSAGE ECHO (NIFIMP) 


 *** END MESSAGE ECHO (NIFIMP) 

Beginning Analysis

 *** START OF CONTROL FILE ECHO ***
 $ sysfield=SCR*(RAW=YES,BUFFIO=YES,wnum=16,wsize=16mb) $(d:/program files/mscnastran/patran/mscnastran_files/20191/servermode/conf/nast20191.rcf[2])
 $ sysfield=DBALL(RAW=YES,BUFFIO=YES,wnum=16,wsize=16mb) $(d:/program files/mscnastran/patran/mscnastran_files/20191/servermode/conf/nast20191.rcf[3])
 Nastran SYSTEM(444)=6 $([5])
 JID='d:/aegis/documents/tfg/testfea/patr/011_22226668.bdf'
 OUT='./011_22226668'
 MEM=740MB      $
 MACH='AMD'
 OPER='Windows 10 Home'
 OSV='6.2 9200'
 MODEL='AMD Ryzen 5 2500U with Radeon  (LAPTOP-BLS96KGT)'
 CONFIG=15
 NPROC=8
 symbol=DELDIR='d:/program files/mscnastran/patran/mscnastran_files/20191/servermode/msc20191/nast/del' $(program default)
 symbol=DEMODIR='d:/program files/mscnastran/patran/mscnastran_files/20191/servermode/msc20191/nast/demo' $(program default)
 symbol=MKL_INTERFACE_LAYER=ILP64 $(d:/program files/mscnastran/patran/mscnastran_files/20191/servermode/conf/nast20191.rcf[1])
 symbol=SSSALTERDIR='d:/program files/mscnastran/patran/mscnastran_files/20191/servermode/msc20191/nast/sssalter' $(program default)
 symbol=TPLDIR='d:/program files/mscnastran/patran/mscnastran_files/20191/servermode/msc20191/nast/tpl' $(program default)
 symbol=VENDBLASLIB=MSCblas.dll $(command line[7])
 SDIR='c:/users/vtech/appdata/local/temp/011_22226668.T17484_23'
 DBS='./011_22226668'
 SCR='no'
 SMEM=100
 BPOOL=150
 NEWDEL='d:/program files/mscnastran/patran/mscnastran_files/20191/servermode/msc20191/win64i4/SSS'
 DEL='MSCDEF'
 AUTH='EDU'
 AUTHQUE=20
 MSGCAT='d:/program files/mscnastran/patran/mscnastran_files/20191/servermode/msc20191/win64i4/analysis.msg'
 MSGDEST='f06'
 *** END OF CONTROL FILE ECHO ***

1
 
 
 
 
                      Warning: This computer program is protected by copyright law and international treaties.       
                  Unauthorized use, reproduction or distribution of this computer program, or any portion of it, may 
                                          result in severe civil and criminal penalties.                             
                         Copyright (C) 2019 MSC Software Corporation and its licensors. All rights reserved.         
 
 
                                              * * * * * * * * * * * * * * * * * * * *
                                              * * * * * * * * * * * * * * * * * * * *
                                              * *                                 * *
                                              * *           MSC Software          * *
                                              * *               CORP              * *
                                              * *                                 * *
                                              * *      M S C   N a s t r a n      * *
                                              * *                                 * *
                                              * *                                 * *
                                              * *                                 * *
                                              * *     Version 2019FP1-CL680425    * *
                                              * *                                 * *
                                              * *                                 * *
                                              * *                                 * *
                                              * *          SEP 18, 2019           * *
                                              * *                                 * *
                                              * *               AMD               * *
                                              * *MODEL AMD Ryzen 5 2500U with Rad * *
                                              * *    Windows 10 Home 6.2 9200     * *
                                              * *        Compiled for 8664        * *
                                              * *                                 * *
                                              * * * * * * * * * * * * * * * * * * * *
                                              * * * * * * * * * * * * * * * * * * * *
1                                                                         SEPTEMBER  30, 2020  MSC Nastran  9/18/19   PAGE     1
                                                                                                                                    
0        N A S T R A N    F I L E    A N D    S Y S T E M    P A R A M E T E R    E C H O                                           
0                                                                                                                                   
                                                                                                                                    
                                                                                                                                    
     $ SYSFIELD=SCR*(RAW=YES,BUFFIO=YES,WNUM=16,WSIZE=16MB) $(D:/PROGRAM FILES/MSCNAS
     $ SYSFIELD=DBALL(RAW=YES,BUFFIO=YES,WNUM=16,WSIZE=16MB) $(D:/PROGRAM FILES/MSCNA
     NASTRAN SYSTEM(444)=6 $([5])                                                    
     $                                                                               
     $ ORIGINAL INPUT FILE: D:\AEGIS\DOCUMENTS\TFG\TESTFEA\PATR\011.BDF              
     $                                                                               
     NASTRAN  SYSTEM(316)=5 SYSTEM(357)=0 SYSTEM(732)=1                              
     INIT MASTER, LOGICAL=(MASTER(300000))                                           
1                                                                         SEPTEMBER  30, 2020  MSC Nastran  9/18/19   PAGE     2
                                                                                                                                    
0        N A S T R A N    E X E C U T I V E    C O N T R O L    E C H O                                                             
0                                                                                                                                   
                                                                                                                                    
                                                                                                                                    
     SOL NIFIMP3                                                                             
     COMPILE NIFIMP3 NOLIST                                                                  
     (SEE NASTRAN SOURCE PROGRAM COMPILATION FOR LISTING OF DMAP SEQUENCE)
     END $ NIFIMP                                                                            
     ALTER 'IFP1 .*/ICASECC.*' (1), 'IFP1 .*/ICASECC.*' (1) $                                
     IFP1     /ICASECC,IPCDB,IXYCDB,IPOSTCDB,IFORCE,,,                                       
              /S,N,NOGOIFP1/// $                                                             
     CEND                                                                                    
1    MSC.NASTRAN JOB CREATED ON 29-SEP-20 AT 19:02:41                     SEPTEMBER  30, 2020  MSC Nastran  9/18/19   PAGE     3
                                                                                                                                    
0                                                                                                                                   
0                                        C A S E    C O N T R O L    E C H O                                                        
                 COMMAND                                                                                                            
                 COUNT                                                                                                              
                  1      $ DIRECT TEXT INPUT FOR GLOBAL CASE CONTROL DATA                                        
                  2      TITLE = MSC.NASTRAN JOB CREATED ON 29-SEP-20 AT 19:02:41                                
                  3      ECHO = NONE                                                                             
                  4      SUBCASE 1                                                                               
                  5      $ SUBCASE NAME : DEFAULT                                                                
                  6         SUBTITLE=DEFAULT                                                                     
                  7         SPC = 2                                                                              
                  8         LOAD = 2                                                                             
                  9         DISPLACEMENT(SORT1,REAL)=ALL                                                         
                 10         SPCFORCES(SORT1,REAL)=ALL                                                            
                 11         STRESS(SORT1,REAL,VONMISES,BILIN)=ALL                                                
                 12      BEGIN BULK                                                                              
 *** USER WARNING MESSAGE 112 (SCA.MDSolver.Obj.InputFile:InputFile::read)
The include directory D:\Program Files\MSCNastran\Patran\mscnastran_files\20191\servermode\msc20191\\nast\\tpl\include is not readable.
 *** USER WARNING MESSAGE 112 (SCA.MDSolver.Obj.InputFile:InputFile::read)
The include directory D:\Program Files\MSCNastran\Patran\mscnastran_files\20191\servermode\msc20191\\nast\\tpl\include is not readable.
1    MSC.NASTRAN JOB CREATED ON 29-SEP-20 AT 19:02:41                     SEPTEMBER  30, 2020  MSC Nastran  9/18/19   PAGE     4
                                                                                                                                    
0                                                                                                                                   
                                        M O D E L   S U M M A R Y          BULK = 0
                                   ENTRY NAME        NUMBER OF ENTRIES
                                   ----------        -----------------
                                       CTETRA                    20545
                                        FORCE                        2
                                         GRID                     4519
                                         LOAD                        1
                                         MAT1                        1
                                       MDLPRM                        1
                                        PARAM                        1
                                       PSOLID                        1
                                         SPC1                        1
                                       SPCADD                        1

 ^^^     
 ^^^ >>> IFP OPERATIONS COMPLETE <<< 
 ^^^     
